#! /usr/local/bin/vvp
:ivl_version "10.1 (stable)" "(v10_1-132-g41c6a0e0)";
:ivl_delay_selection "TYPICAL";
:vpi_time_precision + 0;
:vpi_module "system";
:vpi_module "vhdl_sys";
:vpi_module "v2005_math";
:vpi_module "va_math";
S_0x7fd8e2c0a480 .scope module, "hello" "hello" 2 8;
 .timescale 0 0;
    .scope S_0x7fd8e2c0a480;
T_0 ;
    %vpi_call 2 15 "$display", $time, "I have been released!" {0 0 0};
    %end;
    .thread T_0;
    .scope S_0x7fd8e2c0a480;
T_1 ;
    %fork t_1, S_0x7fd8e2c0a480;
    %fork t_2, S_0x7fd8e2c0a480;
    %fork t_3, S_0x7fd8e2c0a480;
    %fork t_4, S_0x7fd8e2c0a480;
    %join;
    %join;
    %join;
    %join;
    %jmp t_0;
t_1 ;
    %vpi_call 2 23 "$display", $time, "Hello World B0" {0 0 0};
    %end;
t_2 ;
    %delay 1, 0;
    %vpi_call 2 24 "$display", $time, "Hello Texas B1" {0 0 0};
    %end;
t_3 ;
    %delay 2, 0;
    %vpi_call 2 25 "$display", $time, "Almost out of breath... B2" {0 0 0};
    %end;
t_4 ;
    %delay 3, 0;
    %vpi_call 2 26 "$display", $time, "Alright, I'm done B3" {0 0 0};
    %end;
    .scope S_0x7fd8e2c0a480;
t_0 ;
    %end;
    .thread T_1;
    .scope S_0x7fd8e2c0a480;
T_2 ;
    %vpi_call 2 33 "$display", $time, "Hello World F0" {0 0 0};
    %delay 1, 0;
    %vpi_call 2 34 "$display", $time, "Hello Texas F1" {0 0 0};
    %delay 2, 0;
    %vpi_call 2 35 "$display", $time, "Almost out of breath... F2" {0 0 0};
    %delay 3, 0;
    %vpi_call 2 36 "$display", $time, "Alright, I'm done F3" {0 0 0};
    %end;
    .thread T_2;
# The file index is used to find the file name in the following table.
:file_names 3;
    "N/A";
    "<interactive>";
    "hello.v";
