#! /usr/local/bin/vvp
:ivl_version "10.1 (stable)" "(v10_1-132-g41c6a0e0)";
:ivl_delay_selection "TYPICAL";
:vpi_time_precision + 0;
:vpi_module "system";
:vpi_module "vhdl_sys";
:vpi_module "v2005_math";
:vpi_module "va_math";
S_0x7ffa6c408270 .scope module, "half_adder" "half_adder" 2 7;
 .timescale 0 0;
    .port_info 0 /OUTPUT 1 "cout"
    .port_info 1 /OUTPUT 1 "sum"
    .port_info 2 /INPUT 1 "a"
    .port_info 3 /INPUT 1 "b"
o0x7ffa6c532008 .functor BUFZ 1, C4<z>; HiZ drive
o0x7ffa6c532038 .functor BUFZ 1, C4<z>; HiZ drive
L_0x7ffa6c418510 .functor XOR 1, o0x7ffa6c532008, o0x7ffa6c532038, C4<0>, C4<0>;
L_0x7ffa6c4185e0 .functor AND 1, o0x7ffa6c532008, o0x7ffa6c532038, C4<1>, C4<1>;
v0x7ffa6c4063f0_0 .net "a", 0 0, o0x7ffa6c532008;  0 drivers
v0x7ffa6c4182e0_0 .net "b", 0 0, o0x7ffa6c532038;  0 drivers
v0x7ffa6c418380_0 .net "cout", 0 0, L_0x7ffa6c4185e0;  1 drivers
v0x7ffa6c418410_0 .net "sum", 0 0, L_0x7ffa6c418510;  1 drivers
# The file index is used to find the file name in the following table.
:file_names 3;
    "N/A";
    "<interactive>";
    "half_adder.v";
