#! c:/iverilog-x64/bin/vvp
:ivl_version "10.1 (stable)" "(v10_1_1)";
:ivl_delay_selection "TYPICAL";
:vpi_time_precision + 0;
:vpi_module "system";
:vpi_module "vhdl_sys";
:vpi_module "v2005_math";
:vpi_module "va_math";
S_00000000028ff310 .scope module, "full_adder_tb" "full_adder_tb" 2 6;
 .timescale 0 0;
v00000000029544d0_0 .var "a", 0 0;
v00000000029542f0_0 .var "b", 0 0;
v0000000002954390_0 .var "cin", 0 0;
v0000000002954430_0 .net "cout", 0 0, L_00000000028ff1f0;  1 drivers
v0000000002953df0_0 .net "s", 0 0, L_00000000028c2c10;  1 drivers
S_00000000028f7ed0 .scope module, "FA1" "full_adder" 2 13, 3 6 0, S_00000000028ff310;
 .timescale 0 0;
    .port_info 0 /OUTPUT 1 "s"
    .port_info 1 /OUTPUT 1 "cout"
    .port_info 2 /INPUT 1 "a"
    .port_info 3 /INPUT 1 "b"
    .port_info 4 /INPUT 1 "cin"
L_00000000028fbd10 .functor XOR 1, v00000000029544d0_0, v00000000029542f0_0, C4<0>, C4<0>;
L_00000000028fbfe0 .functor AND 1, L_00000000028fbd10, v0000000002954390_0, C4<1>, C4<1>;
L_00000000028fca20 .functor AND 1, v00000000029544d0_0, v00000000029542f0_0, C4<1>, C4<1>;
L_00000000028c2c10 .functor XOR 1, L_00000000028fbd10, v0000000002954390_0, C4<0>, C4<0>;
L_00000000028ff1f0 .functor OR 1, L_00000000028fbfe0, L_00000000028fca20, C4<0>, C4<0>;
v00000000028fc980_0 .net "a", 0 0, v00000000029544d0_0;  1 drivers
v00000000028fbf40_0 .net "b", 0 0, v00000000029542f0_0;  1 drivers
v00000000028fbc70_0 .net "cin", 0 0, v0000000002954390_0;  1 drivers
v00000000028f8050_0 .net "cout", 0 0, L_00000000028ff1f0;  alias, 1 drivers
v00000000028f80f0_0 .net "s", 0 0, L_00000000028c2c10;  alias, 1 drivers
v00000000028f8190_0 .net "w1", 0 0, L_00000000028fbd10;  1 drivers
v00000000028f8230_0 .net "w2", 0 0, L_00000000028fbfe0;  1 drivers
v0000000002953fd0_0 .net "w3", 0 0, L_00000000028fca20;  1 drivers
    .scope S_00000000028ff310;
T_0 ;
    %pushi/vec4 0, 0, 1;
    %store/vec4 v00000000029544d0_0, 0, 1;
    %pushi/vec4 0, 0, 1;
    %store/vec4 v00000000029542f0_0, 0, 1;
    %pushi/vec4 0, 0, 1;
    %store/vec4 v0000000002954390_0, 0, 1;
    %delay 10, 0;
    %pushi/vec4 0, 0, 1;
    %store/vec4 v00000000029544d0_0, 0, 1;
    %pushi/vec4 0, 0, 1;
    %store/vec4 v00000000029542f0_0, 0, 1;
    %pushi/vec4 1, 0, 1;
    %store/vec4 v0000000002954390_0, 0, 1;
    %delay 10, 0;
    %pushi/vec4 0, 0, 1;
    %store/vec4 v00000000029544d0_0, 0, 1;
    %pushi/vec4 1, 0, 1;
    %store/vec4 v00000000029542f0_0, 0, 1;
    %pushi/vec4 0, 0, 1;
    %store/vec4 v0000000002954390_0, 0, 1;
    %delay 10, 0;
    %pushi/vec4 0, 0, 1;
    %store/vec4 v00000000029544d0_0, 0, 1;
    %pushi/vec4 1, 0, 1;
    %store/vec4 v00000000029542f0_0, 0, 1;
    %pushi/vec4 1, 0, 1;
    %store/vec4 v0000000002954390_0, 0, 1;
    %delay 10, 0;
    %pushi/vec4 1, 0, 1;
    %store/vec4 v00000000029544d0_0, 0, 1;
    %pushi/vec4 0, 0, 1;
    %store/vec4 v00000000029542f0_0, 0, 1;
    %pushi/vec4 0, 0, 1;
    %store/vec4 v0000000002954390_0, 0, 1;
    %delay 10, 0;
    %pushi/vec4 1, 0, 1;
    %store/vec4 v00000000029544d0_0, 0, 1;
    %pushi/vec4 0, 0, 1;
    %store/vec4 v00000000029542f0_0, 0, 1;
    %pushi/vec4 1, 0, 1;
    %store/vec4 v0000000002954390_0, 0, 1;
    %delay 10, 0;
    %pushi/vec4 1, 0, 1;
    %store/vec4 v00000000029544d0_0, 0, 1;
    %pushi/vec4 1, 0, 1;
    %store/vec4 v00000000029542f0_0, 0, 1;
    %pushi/vec4 0, 0, 1;
    %store/vec4 v0000000002954390_0, 0, 1;
    %delay 10, 0;
    %pushi/vec4 1, 0, 1;
    %store/vec4 v00000000029544d0_0, 0, 1;
    %pushi/vec4 1, 0, 1;
    %store/vec4 v00000000029542f0_0, 0, 1;
    %pushi/vec4 1, 0, 1;
    %store/vec4 v0000000002954390_0, 0, 1;
    %delay 10, 0;
    %vpi_call 2 24 "$finish" {0 0 0};
    %end;
    .thread T_0;
    .scope S_00000000028ff310;
T_1 ;
    %vpi_call 2 27 "$monitor", "%b + %b + %b = %b%b", v00000000029544d0_0, v00000000029542f0_0, v0000000002954390_0, v0000000002954430_0, v0000000002953df0_0 {0 0 0};
    %end;
    .thread T_1;
    .scope S_00000000028ff310;
T_2 ;
    %vpi_call 2 30 "$dumpfile", "full_adder.vcd" {0 0 0};
    %vpi_call 2 31 "$dumpvars", 32'sb00000000000000000000000000000000, S_00000000028f7ed0 {0 0 0};
    %end;
    .thread T_2;
# The file index is used to find the file name in the following table.
:file_names 4;
    "N/A";
    "<interactive>";
    ".\full_adder_tb.v";
    ".\full_adder.v";
